---- light / ericw-tools v0.18.1 ----
Raytracing backend: Embree
running with 12 threads
LoadBSPFile: 'Zombiemap.bsp'
BSP is version 29
--- LoadEntities ---
9 entities read, 2 are lights.
--- OptionsSummary ---
Embree_TraceInit: Embree version: 2.15.0
Embree_TraceInit:
	0 sky faces
	121 solid faces
	0 filtered faces
	0 shadow-casting skip faces
SetupLights: 2 initial lights
SetupLights: 2 after surface lights
SetupLights: 2 after jittering
--- EstimateLightVisibility ---
0....1....2....3....4....5
Final count: 2 lights 0 suns in use.
--- LightWorld ---
0....1....2....3....4....5....6....7....8....9....
Lighting Completed.

lightdatasize: 2678
0 switchable light styles (32 max)
Writing Zombiemap.bsp as BSP version 29
0.198 seconds elapsed

stats:
0.347202 lights tested, 0.346750 hits per sample point
0.000000 bounce lights tested, 0.000000 hits per sample point
0 empty lightmaps
